[debug] > Exec(early(addDefaultCommands), None, None)
[debug] > Exec(addDefaultCommands, None, None)
[debug] > Exec(early(initialize), None, None)
[debug] > Exec(initialize, None, None)
[debug] > Exec(boot, None, None)
[debug] > Exec(writeSbtVersion, None, None)
[debug] > Exec(reload, None, None)
[debug] > Exec(sbtStashOnFailure, None, None)
[debug] > Exec(onFailure loadFailed, None, None)
[debug] > Exec(loadp, None, None)
[info] welcome to sbt 1.5.2 (JetBrains s.r.o. Java 11.0.11)
[debug] Load.defaultLoad until apply took 882.906168ms
[debug]           Load.loadUnit: plugins took 172.456851ms
[debug]           Load.loadUnit: defsScala took 0.58137ms
[debug] [Loading] Scanning directory /home/kamil/Pulpit/Iterators/taskmanager/project
[debug]             Load.loadUnit: mkEval took 11.060946ms
[debug] [Loading] Found non-root projects 
[debug] [Loading] Done in /home/kamil/Pulpit/Iterators/taskmanager/project, returning: ()
[debug] deducing auto plugins based on known facts Set(Atom(sbt.plugins.CorePlugin)) and clauses Clauses(Clause(Atom(sbt.plugins.JvmPlugin),Set(Atom(sbt.plugins.IvyPlugin)))
[debug] Clause(Atom(sbt.ScriptedPlugin),Set(Atom(sbt.plugins.JvmPlugin)))
[debug] Clause(Atom(sbt.plugins.SbtPlugin),Set(Atom(sbt.ScriptedPlugin)))
[debug] Clause(Atom(sbt.plugins.SemanticdbPlugin),Set(Atom(sbt.plugins.JvmPlugin)))
[debug] Clause(Atom(sbt.plugins.JUnitXmlReportPlugin),Set(Atom(sbt.plugins.JvmPlugin)))
[debug] Clause(Atom(sbt.plugins.MiniDependencyTreePlugin),Set(Atom(sbt.plugins.JvmPlugin)))
[debug] Clause(Atom(sbt.plugins.CorePlugin),Set(Atom(sbt.plugins.IvyPlugin)))
[debug] Clause(Atom(sbt.plugins.IvyPlugin),Set(Atom(sbt.plugins.JvmPlugin)))
[debug] Clause(Atom(sbt.plugins.JvmPlugin),Set(Atom(sbt.plugins.SemanticdbPlugin)))
[debug] Clause(Atom(sbt.plugins.JvmPlugin),Set(Atom(sbt.plugins.JUnitXmlReportPlugin)))
[debug] Clause(Atom(sbt.plugins.CorePlugin),Set(Atom(sbt.plugins.Giter8TemplatePlugin)))
[debug] Clause(Atom(sbt.plugins.JvmPlugin),Set(Atom(sbt.plugins.MiniDependencyTreePlugin))))
[debug]   :: deduced result: Matched(sbt.plugins.CorePlugin,sbt.plugins.Giter8TemplatePlugin,sbt.plugins.IvyPlugin,sbt.plugins.JvmPlugin,sbt.plugins.MiniDependencyTreePlugin,sbt.plugins.JUnitXmlReportPlugin,sbt.plugins.SemanticdbPlugin)
[debug] Plugins.deducer#function took 33.001869 ms
[info] loading settings for project taskmanager-build from plugins.sbt ...
[debug]               Load.resolveProject(taskmanager-build) took 80.920963ms
[debug]             Load.loadTransitive: finalizeProject(Project(id taskmanager-build, base: /home/kamil/Pulpit/Iterators/taskmanager/project, plugins: List(<none>))) took 145.371766ms
[debug] [Loading] Done in /home/kamil/Pulpit/Iterators/taskmanager/project, returning: (taskmanager-build)
[debug]           Load.loadUnit: loadedProjectsRaw took 547.131823ms
[debug]           Load.loadUnit: cleanEvalClasses took 8.930801ms
[debug]         Load.loadUnit(file:/home/kamil/Pulpit/Iterators/taskmanager/project/, ...) took 738.279791ms
[debug]       Load.apply: load took 925.660338ms
[debug]       Load.apply: resolveProjects took 8.696112ms
[debug]       Load.apply: finalTransforms took 93.941826ms
[debug]       Load.apply: config.delegates took 11.481542ms
[debug]       Load.apply: Def.make(settings)... took 741.515489ms
[debug]       Load.apply: structureIndex took 167.195464ms
[debug]       Load.apply: mkStreams took 2.138678ms
[info] loading project definition from /home/kamil/Pulpit/Iterators/taskmanager/project
[debug] Running task... Cancel: Signal, check cycles: false, forcegc: true
